<?xml version="1.0" encoding="UTF-8"?>
<!-- Generated by org.testng.reporters.JUnitXMLReporter -->
<testsuite ignored="0" hostname="LAPTOP-G1NMUVBA" failures="0" tests="4" name="Default test" time="66.06" errors="0" timestamp="2022-11-24T21:25:12 EST">
  <testcase classname="testLayer.LoginTest" name="Title" time="0.017"/>
  <testcase classname="testLayer.LoginTest" name="Login" time="3.769"/>
  <testcase classname="testLayer.LoginTest" name="Login" time="3.677"/>
  <testcase classname="testLayer.LoginTest" name="Login" time="3.738"/>
</testsuite> <!-- Default test -->
