<?xml version="1.0" encoding="UTF-8"?>
<testng-results ignored="0" total="4" passed="4" failed="0" skipped="0">
  <reporter-output>
  </reporter-output>
  <suite started-at="2022-11-24T21:24:06 EST" name="Default suite" finished-at="2022-11-24T21:25:12 EST" duration-ms="66060">
    <groups>
    </groups>
    <test started-at="2022-11-24T21:24:06 EST" name="Default test" finished-at="2022-11-24T21:25:12 EST" duration-ms="66060">
      <class name="testLayer.LoginTest">
        <test-method is-config="true" signature="initsetup()[pri:0, instance:testLayer.LoginTest@384ad17b]" started-at="2022-11-24T21:24:06 EST" name="initsetup" finished-at="2022-11-24T21:24:19 EST" duration-ms="12947" status="PASS">
          <reporter-output>
          </reporter-output>
        </test-method> <!-- initsetup -->
        <test-method signature="Title()[pri:1, instance:testLayer.LoginTest@384ad17b]" started-at="2022-11-24T21:24:19 EST" name="Title" finished-at="2022-11-24T21:24:19 EST" duration-ms="17" status="PASS">
          <reporter-output>
          </reporter-output>
        </test-method> <!-- Title -->
        <test-method is-config="true" signature="close()[pri:0, instance:testLayer.LoginTest@384ad17b]" started-at="2022-11-24T21:24:19 EST" name="close" finished-at="2022-11-24T21:24:22 EST" duration-ms="3560" status="PASS">
          <reporter-output>
          </reporter-output>
        </test-method> <!-- close -->
        <test-method is-config="true" signature="initsetup()[pri:0, instance:testLayer.LoginTest@384ad17b]" started-at="2022-11-24T21:24:23 EST" name="initsetup" finished-at="2022-11-24T21:24:32 EST" duration-ms="8626" status="PASS">
          <reporter-output>
          </reporter-output>
        </test-method> <!-- initsetup -->
        <test-method signature="Login(java.lang.String,java.lang.String)[pri:2, instance:testLayer.LoginTest@384ad17b]" started-at="2022-11-24T21:24:32 EST" name="Login" data-provider="Details" finished-at="2022-11-24T21:24:36 EST" duration-ms="3769" status="PASS">
          <params>
            <param index="0">
              <value>
                <![CDATA[Admin]]>
              </value>
            </param>
            <param index="1">
              <value>
                <![CDATA[admin123]]>
              </value>
            </param>
          </params>
          <reporter-output>
          </reporter-output>
        </test-method> <!-- Login -->
        <test-method is-config="true" signature="close()[pri:0, instance:testLayer.LoginTest@384ad17b]" started-at="2022-11-24T21:24:36 EST" name="close" finished-at="2022-11-24T21:24:39 EST" duration-ms="3597" status="PASS">
          <reporter-output>
          </reporter-output>
        </test-method> <!-- close -->
        <test-method is-config="true" signature="initsetup()[pri:0, instance:testLayer.LoginTest@384ad17b]" started-at="2022-11-24T21:24:39 EST" name="initsetup" finished-at="2022-11-24T21:24:48 EST" duration-ms="9091" status="PASS">
          <reporter-output>
          </reporter-output>
        </test-method> <!-- initsetup -->
        <test-method signature="Login(java.lang.String,java.lang.String)[pri:2, instance:testLayer.LoginTest@384ad17b]" started-at="2022-11-24T21:24:48 EST" name="Login" data-provider="Details" finished-at="2022-11-24T21:24:52 EST" duration-ms="3677" status="PASS">
          <params>
            <param index="0">
              <value>
                <![CDATA[Admin]]>
              </value>
            </param>
            <param index="1">
              <value>
                <![CDATA[abcd]]>
              </value>
            </param>
          </params>
          <reporter-output>
          </reporter-output>
        </test-method> <!-- Login -->
        <test-method is-config="true" signature="close()[pri:0, instance:testLayer.LoginTest@384ad17b]" started-at="2022-11-24T21:24:52 EST" name="close" finished-at="2022-11-24T21:24:55 EST" duration-ms="3527" status="PASS">
          <reporter-output>
          </reporter-output>
        </test-method> <!-- close -->
        <test-method is-config="true" signature="initsetup()[pri:0, instance:testLayer.LoginTest@384ad17b]" started-at="2022-11-24T21:24:55 EST" name="initsetup" finished-at="2022-11-24T21:25:04 EST" duration-ms="9040" status="PASS">
          <reporter-output>
          </reporter-output>
        </test-method> <!-- initsetup -->
        <test-method signature="Login(java.lang.String,java.lang.String)[pri:2, instance:testLayer.LoginTest@384ad17b]" started-at="2022-11-24T21:25:04 EST" name="Login" data-provider="Details" finished-at="2022-11-24T21:25:08 EST" duration-ms="3738" status="PASS">
          <params>
            <param index="0">
              <value>
                <![CDATA[scott]]>
              </value>
            </param>
            <param index="1">
              <value>
                <![CDATA[1234.0]]>
              </value>
            </param>
          </params>
          <reporter-output>
          </reporter-output>
        </test-method> <!-- Login -->
        <test-method is-config="true" signature="close()[pri:0, instance:testLayer.LoginTest@384ad17b]" started-at="2022-11-24T21:25:08 EST" name="close" finished-at="2022-11-24T21:25:12 EST" duration-ms="3370" status="PASS">
          <reporter-output>
          </reporter-output>
        </test-method> <!-- close -->
      </class> <!-- testLayer.LoginTest -->
    </test> <!-- Default test -->
  </suite> <!-- Default suite -->
</testng-results>
